<?xml version="1.0" encoding="UTF-8"?>
<testsuite name="TC07_Pagination" tests="1" skipped="0" failures="0" errors="0" timestamp="2021-08-02T18:07:27" hostname="GABOR-PC" time="3.244">
  <properties/>
  <testcase name="Navigate to the next page with more results after listing all sales items" classname="TC07_Pagination" time="3.244"/>
  <system-out><![CDATA[]]></system-out>
  <system-err><![CDATA[[Test worker] INFO io.github.bonigarcia.wdm.WebDriverManager - Using chromedriver 92.0.4515.107 (resolved driver for Chrome 92)
[Test worker] INFO io.github.bonigarcia.wdm.WebDriverManager - Exporting webdriver.chrome.driver as C:\Users\GÃ¡bor\.cache\selenium\chromedriver\win32\92.0.4515.107\chromedriver.exe
Starting ChromeDriver 92.0.4515.107 (87a818b10553a07434ea9e2b6dccf3cbe7895134-refs/branch-heads/4515@{#1634}) on port 1515
Only local connections are allowed.
Please see https://chromedriver.chromium.org/security-considerations for suggestions on keeping ChromeDriver safe.
ChromeDriver was started successfully.
aug. 02, 2021 8:07:27 DU org.openqa.selenium.remote.ProtocolHandshake createSession
INFO: Detected dialect: W3C
[Test worker] INFO pages.HomePage - Opening YourStore homepage...
[Test worker] INFO pages.HomePage - YourStore Page loaded successfully
[Test worker] INFO pages.HomePage - Move pointer to "Desktops" tab
[Test worker] INFO pages.HomePage - Click "Show All Desktops" from the dropdown list
[Test worker] INFO pages.HomePage - Paginate to the next page
[Test worker] INFO BaseTest - Assertion done Text below the item as expected.
]]></system-err>
</testsuite>
