<?xml version="1.0" encoding="UTF-8"?>
<testsuite name="TC09_RepetitiveDataEntryFromExternalSource" tests="4" skipped="0" failures="0" errors="0" timestamp="2021-07-27T01:50:56" hostname="GABOR-PC" time="22.039">
  <properties/>
  <testcase name="[1] Imre, Kiss, Palota u. 11., Soltvadkert, 3443, Hungary" classname="TC09_RepetitiveDataEntryFromExternalSource" time="6.118"/>
  <testcase name="[2] Ilona, Nagy, Palota u. 11., Soltvadkert, 3443, Hungary" classname="TC09_RepetitiveDataEntryFromExternalSource" time="5.31"/>
  <testcase name="[3] Ambrus, Kiss, Ceruza u. 23., Buda, 1443, Hungary" classname="TC09_RepetitiveDataEntryFromExternalSource" time="5.42"/>
  <testcase name="[4] Anna, Nagy, Kapu u. 13., Pest, 1943, Hungary" classname="TC09_RepetitiveDataEntryFromExternalSource" time="5.181"/>
  <system-out><![CDATA[]]></system-out>
  <system-err><![CDATA[[Test worker] INFO io.github.bonigarcia.wdm.WebDriverManager - Using chromedriver 92.0.4515.43 (resolved driver for Chrome 92)
[Test worker] INFO io.github.bonigarcia.wdm.WebDriverManager - Exporting webdriver.chrome.driver as C:\Users\Gábor\.cache\selenium\chromedriver\win32\92.0.4515.43\chromedriver.exe
Starting ChromeDriver 92.0.4515.43 (8c61b7e2989f2990d42f859cac71319137787cce-refs/branch-heads/4515@{#306}) on port 39859
Only local connections are allowed.
Please see https://chromedriver.chromium.org/security-considerations for suggestions on keeping ChromeDriver safe.
ChromeDriver was started successfully.
júl. 27, 2021 3:50:56 DE org.openqa.selenium.remote.ProtocolHandshake createSession
INFO: Detected dialect: W3C
[Test worker] INFO pages.YourStoreHome - Opening YourStore homepage...
[Test worker] INFO pages.YourStoreHome - YourStore Page loaded successfully
[Test worker] INFO pages.YourStoreHome - Opening login page
[Test worker] INFO pages.YourStoreHome - Account Login page loaded successfully
[Test worker] INFO pages.YourStoreHome - Email written in the email field
[Test worker] INFO pages.YourStoreHome - Password written in the password field
[Test worker] INFO pages.YourStoreHome - Click on login button
[Test worker] INFO pages.YourStoreHome - Click on address book link
[Test worker] INFO pages.YourStoreHome - Wait until address book page opens
[Test worker] INFO pages.YourStoreHome - New address button clicked
[Test worker] INFO pages.YourStoreHome - Wait until Add Address page opens
[Test worker] INFO pages.YourStoreHome - First name input : Imre
[Test worker] INFO pages.YourStoreHome - Last name input: Kiss
[Test worker] INFO pages.YourStoreHome - Address input: Palota u. 11.
[Test worker] INFO pages.YourStoreHome - City input: Soltvadkert
[Test worker] INFO pages.YourStoreHome - Post code input: 3443
[Test worker] INFO pages.YourStoreHome - Country selected: Hungary
[Test worker] INFO pages.YourStoreHome - Continue button clicked
[Test worker] INFO pages.YourStoreHome - Wait until next page loaded
[Test worker] INFO BaseTest - Screenshot taken
[Test worker] INFO BaseTest - Assertion of number of addresses done
[Test worker] INFO pages.YourStoreHome - Logout
[Test worker] INFO pages.YourStoreHome - Opening YourStore homepage...
[Test worker] INFO pages.YourStoreHome - YourStore Page loaded successfully
[Test worker] INFO pages.YourStoreHome - Opening login page
[Test worker] INFO pages.YourStoreHome - Account Login page loaded successfully
[Test worker] INFO pages.YourStoreHome - Email written in the email field
[Test worker] INFO pages.YourStoreHome - Password written in the password field
[Test worker] INFO pages.YourStoreHome - Click on login button
[Test worker] INFO pages.YourStoreHome - Click on address book link
[Test worker] INFO pages.YourStoreHome - Wait until address book page opens
[Test worker] INFO pages.YourStoreHome - New address button clicked
[Test worker] INFO pages.YourStoreHome - Wait until Add Address page opens
[Test worker] INFO pages.YourStoreHome - First name input : Ilona
[Test worker] INFO pages.YourStoreHome - Last name input: Nagy
[Test worker] INFO pages.YourStoreHome - Address input: Palota u. 11.
[Test worker] INFO pages.YourStoreHome - City input: Soltvadkert
[Test worker] INFO pages.YourStoreHome - Post code input: 3443
[Test worker] INFO pages.YourStoreHome - Country selected: Hungary
[Test worker] INFO pages.YourStoreHome - Continue button clicked
[Test worker] INFO pages.YourStoreHome - Wait until next page loaded
[Test worker] INFO BaseTest - Screenshot taken
[Test worker] INFO BaseTest - Assertion of number of addresses done
[Test worker] INFO pages.YourStoreHome - Logout
[Test worker] INFO pages.YourStoreHome - Opening YourStore homepage...
[Test worker] INFO pages.YourStoreHome - YourStore Page loaded successfully
[Test worker] INFO pages.YourStoreHome - Opening login page
[Test worker] INFO pages.YourStoreHome - Account Login page loaded successfully
[Test worker] INFO pages.YourStoreHome - Email written in the email field
[Test worker] INFO pages.YourStoreHome - Password written in the password field
[Test worker] INFO pages.YourStoreHome - Click on login button
[Test worker] INFO pages.YourStoreHome - Click on address book link
[Test worker] INFO pages.YourStoreHome - Wait until address book page opens
[Test worker] INFO pages.YourStoreHome - New address button clicked
[Test worker] INFO pages.YourStoreHome - Wait until Add Address page opens
[Test worker] INFO pages.YourStoreHome - First name input : Ambrus
[Test worker] INFO pages.YourStoreHome - Last name input: Kiss
[Test worker] INFO pages.YourStoreHome - Address input: Ceruza u. 23.
[Test worker] INFO pages.YourStoreHome - City input: Buda
[Test worker] INFO pages.YourStoreHome - Post code input: 1443
[Test worker] INFO pages.YourStoreHome - Country selected: Hungary
[Test worker] INFO pages.YourStoreHome - Continue button clicked
[Test worker] INFO pages.YourStoreHome - Wait until next page loaded
[Test worker] INFO BaseTest - Screenshot taken
[Test worker] INFO BaseTest - Assertion of number of addresses done
[Test worker] INFO pages.YourStoreHome - Logout
[Test worker] INFO pages.YourStoreHome - Opening YourStore homepage...
[Test worker] INFO pages.YourStoreHome - YourStore Page loaded successfully
[Test worker] INFO pages.YourStoreHome - Opening login page
[Test worker] INFO pages.YourStoreHome - Account Login page loaded successfully
[Test worker] INFO pages.YourStoreHome - Email written in the email field
[Test worker] INFO pages.YourStoreHome - Password written in the password field
[Test worker] INFO pages.YourStoreHome - Click on login button
[Test worker] INFO pages.YourStoreHome - Click on address book link
[Test worker] INFO pages.YourStoreHome - Wait until address book page opens
[Test worker] INFO pages.YourStoreHome - New address button clicked
[Test worker] INFO pages.YourStoreHome - Wait until Add Address page opens
[Test worker] INFO pages.YourStoreHome - First name input : Anna
[Test worker] INFO pages.YourStoreHome - Last name input: Nagy
[Test worker] INFO pages.YourStoreHome - Address input: Kapu u. 13.
[Test worker] INFO pages.YourStoreHome - City input: Pest
[Test worker] INFO pages.YourStoreHome - Post code input: 1943
[Test worker] INFO pages.YourStoreHome - Country selected: Hungary
[Test worker] INFO pages.YourStoreHome - Continue button clicked
[Test worker] INFO pages.YourStoreHome - Wait until next page loaded
[Test worker] INFO BaseTest - Screenshot taken
[Test worker] INFO BaseTest - Assertion of number of addresses done
[Test worker] INFO pages.YourStoreHome - Logout
]]></system-err>
</testsuite>
