<?xml version="1.0" encoding="UTF-8"?>
<testsuite name="TC05_UsingPrivacyStatement" tests="1" skipped="0" failures="0" errors="0" timestamp="2021-07-27T09:50:05" hostname="GABOR-PC" time="3.844">
  <properties/>
  <testcase name="Open privacy statement and check the checkbox" classname="TC05_UsingPrivacyStatement" time="3.844"/>
  <system-out><![CDATA[]]></system-out>
  <system-err><![CDATA[[Test worker] INFO io.github.bonigarcia.wdm.WebDriverManager - Using chromedriver 92.0.4515.43 (resolved driver for Chrome 92)
[Test worker] INFO io.github.bonigarcia.wdm.WebDriverManager - Exporting webdriver.chrome.driver as C:\Users\Gábor\.cache\selenium\chromedriver\win32\92.0.4515.43\chromedriver.exe
Starting ChromeDriver 92.0.4515.43 (8c61b7e2989f2990d42f859cac71319137787cce-refs/branch-heads/4515@{#306}) on port 3475
Only local connections are allowed.
Please see https://chromedriver.chromium.org/security-considerations for suggestions on keeping ChromeDriver safe.
ChromeDriver was started successfully.
júl. 27, 2021 11:50:05 DE org.openqa.selenium.remote.ProtocolHandshake createSession
INFO: Detected dialect: W3C
[Test worker] INFO pages.YourStoreHome - Opening YourStore homepage...
[Test worker] INFO pages.YourStoreHome - YourStore Page loaded successfully
[Test worker] INFO pages.YourStoreHome - Opening login page
[Test worker] INFO pages.YourStoreHome - Account Login page loaded successfully
[Test worker] INFO pages.YourStoreHome - Click on continue button
[Test worker] INFO pages.YourStoreHome - Register Account page loaded successfully
[Test worker] INFO pages.YourStoreHome - Privacy policy opened
[Test worker] INFO BaseTest - Screenshot taken
[Test worker] INFO pages.YourStoreHome - Privacy policy close
[Test worker] INFO pages.YourStoreHome - Clicked on privacy checkbox
[Test worker] INFO BaseTest - Screenshot taken
[Test worker] INFO BaseTest - Privacy checkbox checked successfully
]]></system-err>
</testsuite>
