<?xml version="1.0" encoding="UTF-8"?>
<testsuite name="TC1_SuccessfulRegistration" tests="1" skipped="0" failures="0" errors="0" timestamp="2021-07-27T01:46:05" hostname="GABOR-PC" time="4.047">
  <properties/>
  <testcase name="Successful registration" classname="TC1_SuccessfulRegistration" time="4.047"/>
  <system-out><![CDATA[]]></system-out>
  <system-err><![CDATA[[Test worker] INFO io.github.bonigarcia.wdm.WebDriverManager - Using chromedriver 92.0.4515.43 (resolved driver for Chrome 92)
[Test worker] INFO io.github.bonigarcia.wdm.WebDriverManager - Exporting webdriver.chrome.driver as C:\Users\Gábor\.cache\selenium\chromedriver\win32\92.0.4515.43\chromedriver.exe
Starting ChromeDriver 92.0.4515.43 (8c61b7e2989f2990d42f859cac71319137787cce-refs/branch-heads/4515@{#306}) on port 15154
Only local connections are allowed.
Please see https://chromedriver.chromium.org/security-considerations for suggestions on keeping ChromeDriver safe.
ChromeDriver was started successfully.
júl. 27, 2021 3:46:05 DE org.openqa.selenium.remote.ProtocolHandshake createSession
INFO: Detected dialect: W3C
[Test worker] INFO pages.YourStoreHome - Opening YourStore homepage...
[Test worker] INFO pages.YourStoreHome - YourStore Page loaded successfully
[Test worker] INFO pages.YourStoreHome - Opening login page
[Test worker] INFO pages.YourStoreHome - Account Login page loaded successfully
[Test worker] INFO pages.YourStoreHome - Click on continue button
[Test worker] INFO pages.YourStoreHome - Register Account page loaded successfully
[Test worker] INFO pages.YourStoreHome - First name field done
[Test worker] INFO pages.YourStoreHome - Last name field done
[Test worker] INFO pages.YourStoreHome - Email field done
[Test worker] INFO pages.YourStoreHome - Telephone field done
[Test worker] INFO pages.YourStoreHome - Password field done
[Test worker] INFO pages.YourStoreHome - Password confirmation field done
[Test worker] INFO pages.YourStoreHome - Clicked on privacy checkbox
[Test worker] INFO pages.YourStoreHome - Click on continue button
[Test worker] INFO BaseTest - Account created successfully
]]></system-err>
</testsuite>
