<?xml version="1.0" encoding="UTF-8"?>
<testsuite name="TC07_Pagination" tests="1" skipped="0" failures="0" errors="0" timestamp="2021-07-28T12:05:46" hostname="GABOR-PC" time="3.024">
  <properties/>
  <testcase name="Navigate to the next page with more results after listing all sales items" classname="TC07_Pagination" time="3.024"/>
  <system-out><![CDATA[]]></system-out>
  <system-err><![CDATA[[Test worker] INFO io.github.bonigarcia.wdm.WebDriverManager - Using chromedriver 92.0.4515.43 (resolved driver for Chrome 92)
[Test worker] INFO io.github.bonigarcia.wdm.WebDriverManager - Exporting webdriver.chrome.driver as C:\Users\Gábor\.cache\selenium\chromedriver\win32\92.0.4515.43\chromedriver.exe
Starting ChromeDriver 92.0.4515.43 (8c61b7e2989f2990d42f859cac71319137787cce-refs/branch-heads/4515@{#306}) on port 7609
Only local connections are allowed.
Please see https://chromedriver.chromium.org/security-considerations for suggestions on keeping ChromeDriver safe.
ChromeDriver was started successfully.
júl. 28, 2021 2:05:46 DU org.openqa.selenium.remote.ProtocolHandshake createSession
INFO: Detected dialect: W3C
[Test worker] INFO pages.HomePage - Opening YourStore homepage...
[Test worker] INFO pages.HomePage - YourStore Page loaded successfully
[Test worker] INFO pages.HomePage - Move pointer to "Desktops" tab
[Test worker] INFO pages.HomePage - Click "Show All Desktops" from the dropdown list
[Test worker] INFO pages.HomePage - Paginate to the next page
[Test worker] INFO BaseTest - Assertion done Text below the item as expected.
]]></system-err>
</testsuite>
