<?xml version="1.0" encoding="UTF-8"?>
<testsuite name="TC07_Pagination" tests="1" skipped="0" failures="0" errors="0" timestamp="2021-07-27T01:50:44" hostname="GABOR-PC" time="2.959">
  <properties/>
  <testcase name="Navigate to the next page with more results after listing all sales items" classname="TC07_Pagination" time="2.959"/>
  <system-out><![CDATA[]]></system-out>
  <system-err><![CDATA[[Test worker] INFO io.github.bonigarcia.wdm.WebDriverManager - Using chromedriver 92.0.4515.43 (resolved driver for Chrome 92)
[Test worker] INFO io.github.bonigarcia.wdm.WebDriverManager - Exporting webdriver.chrome.driver as C:\Users\Gábor\.cache\selenium\chromedriver\win32\92.0.4515.43\chromedriver.exe
Starting ChromeDriver 92.0.4515.43 (8c61b7e2989f2990d42f859cac71319137787cce-refs/branch-heads/4515@{#306}) on port 24036
Only local connections are allowed.
Please see https://chromedriver.chromium.org/security-considerations for suggestions on keeping ChromeDriver safe.
ChromeDriver was started successfully.
júl. 27, 2021 3:50:44 DE org.openqa.selenium.remote.ProtocolHandshake createSession
INFO: Detected dialect: W3C
[Test worker] INFO pages.YourStoreHome - Opening YourStore homepage...
[Test worker] INFO pages.YourStoreHome - YourStore Page loaded successfully
[Test worker] INFO pages.YourStoreHome - Move pointer to "Desktops" tab
[Test worker] INFO pages.YourStoreHome - Click "Show All Desktops" from the dropdown list
[Test worker] INFO pages.YourStoreHome - Paginate to the next page
[Test worker] INFO BaseTest - Assertion done Text below the item as expected.
]]></system-err>
</testsuite>
