<?xml version="1.0" encoding="UTF-8"?>
<testsuite name="TC05_UsingPrivacyStatement" tests="1" skipped="0" failures="0" errors="0" timestamp="2021-07-29T10:15:22" hostname="GABOR-PC" time="3.863">
  <properties/>
  <testcase name="Open privacy statement and check the checkbox" classname="TC05_UsingPrivacyStatement" time="3.863"/>
  <system-out><![CDATA[]]></system-out>
  <system-err><![CDATA[[Test worker] INFO io.github.bonigarcia.wdm.WebDriverManager - Using chromedriver 92.0.4515.107 (resolved driver for Chrome 92)
[Test worker] INFO io.github.bonigarcia.wdm.WebDriverManager - Exporting webdriver.chrome.driver as C:\Users\Gábor\.cache\selenium\chromedriver\win32\92.0.4515.107\chromedriver.exe
Starting ChromeDriver 92.0.4515.107 (87a818b10553a07434ea9e2b6dccf3cbe7895134-refs/branch-heads/4515@{#1634}) on port 27400
Only local connections are allowed.
Please see https://chromedriver.chromium.org/security-considerations for suggestions on keeping ChromeDriver safe.
ChromeDriver was started successfully.
júl. 29, 2021 12:15:22 DU org.openqa.selenium.remote.ProtocolHandshake createSession
INFO: Detected dialect: W3C
[Test worker] INFO pages.HomePage - Opening YourStore homepage...
[Test worker] INFO pages.HomePage - YourStore Page loaded successfully
[Test worker] INFO pages.HomePage - Opening login page
[Test worker] INFO pages.HomePage - Account Login page loaded successfully
[Test worker] INFO pages.HomePage - Click on continue button
[Test worker] INFO pages.HomePage - Register Account page loaded successfully
[Test worker] INFO pages.HomePage - Privacy policy opened
[Test worker] INFO BaseTest - Privacy policy text asserted
[Test worker] INFO BaseTest - Screenshot taken
[Test worker] INFO pages.HomePage - Privacy policy close
[Test worker] INFO pages.HomePage - Clicked on privacy checkbox
[Test worker] INFO BaseTest - Screenshot taken
[Test worker] INFO BaseTest - Privacy checkbox checked successfully
]]></system-err>
</testsuite>
