<?xml version="1.0" encoding="UTF-8"?>
<testsuite name="TC02_FailedRegistration" tests="1" skipped="0" failures="0" errors="0" timestamp="2021-07-28T12:05:21" hostname="GABOR-PC" time="3.773">
  <properties/>
  <testcase name="Failed registration with previously registered email" classname="TC02_FailedRegistration" time="3.773"/>
  <system-out><![CDATA[]]></system-out>
  <system-err><![CDATA[[Test worker] INFO io.github.bonigarcia.wdm.WebDriverManager - Using chromedriver 92.0.4515.43 (resolved driver for Chrome 92)
[Test worker] INFO io.github.bonigarcia.wdm.WebDriverManager - Exporting webdriver.chrome.driver as C:\Users\Gábor\.cache\selenium\chromedriver\win32\92.0.4515.43\chromedriver.exe
Starting ChromeDriver 92.0.4515.43 (8c61b7e2989f2990d42f859cac71319137787cce-refs/branch-heads/4515@{#306}) on port 14784
Only local connections are allowed.
Please see https://chromedriver.chromium.org/security-considerations for suggestions on keeping ChromeDriver safe.
ChromeDriver was started successfully.
júl. 28, 2021 2:05:21 DU org.openqa.selenium.remote.ProtocolHandshake createSession
INFO: Detected dialect: W3C
[Test worker] INFO pages.HomePage - Opening YourStore homepage...
[Test worker] INFO pages.HomePage - YourStore Page loaded successfully
[Test worker] INFO pages.HomePage - Opening login page
[Test worker] INFO pages.HomePage - Account Login page loaded successfully
[Test worker] INFO pages.HomePage - Click on continue button
[Test worker] INFO pages.HomePage - Register Account page loaded successfully
[Test worker] INFO pages.HomePage - First name field done
[Test worker] INFO pages.HomePage - Last name field done
[Test worker] INFO pages.HomePage - Email field done
[Test worker] INFO pages.HomePage - Telephone field done
[Test worker] INFO pages.HomePage - Password field done
[Test worker] INFO pages.HomePage - Password confirmation field done
[Test worker] INFO pages.HomePage - Clicked on privacy checkbox
[Test worker] INFO pages.HomePage - Click on continue button
[Test worker] INFO BaseTest - Email already registered warning is displayed
]]></system-err>
</testsuite>
