<?xml version="1.0" encoding="UTF-8"?>
<testsuite name="TC08_InputOfNewData" tests="1" skipped="0" failures="0" errors="0" timestamp="2021-07-28T10:16:39" hostname="GABOR-PC" time="5.343">
  <properties/>
  <testcase name="Add address to an existing account" classname="TC08_InputOfNewData" time="5.343"/>
  <system-out><![CDATA[]]></system-out>
  <system-err><![CDATA[[Test worker] INFO io.github.bonigarcia.wdm.WebDriverManager - Using chromedriver 92.0.4515.43 (resolved driver for Chrome 92)
[Test worker] INFO io.github.bonigarcia.wdm.WebDriverManager - Exporting webdriver.chrome.driver as C:\Users\Gábor\.cache\selenium\chromedriver\win32\92.0.4515.43\chromedriver.exe
Starting ChromeDriver 92.0.4515.43 (8c61b7e2989f2990d42f859cac71319137787cce-refs/branch-heads/4515@{#306}) on port 41980
Only local connections are allowed.
Please see https://chromedriver.chromium.org/security-considerations for suggestions on keeping ChromeDriver safe.
ChromeDriver was started successfully.
júl. 28, 2021 12:16:39 DU org.openqa.selenium.remote.ProtocolHandshake createSession
INFO: Detected dialect: W3C
[Test worker] INFO pages.HomePage - Opening YourStore homepage...
[Test worker] INFO pages.HomePage - YourStore Page loaded successfully
[Test worker] INFO pages.HomePage - Opening login page
[Test worker] INFO pages.HomePage - Account Login page loaded successfully
[Test worker] INFO pages.HomePage - Email written in the email field
[Test worker] INFO pages.HomePage - Password written in the password field
[Test worker] INFO pages.HomePage - Click on login button
[Test worker] INFO pages.HomePage - Click on address book link
[Test worker] INFO pages.HomePage - Wait until address book page opens
[Test worker] INFO pages.HomePage - New address button clicked
[Test worker] INFO pages.HomePage - Wait until Add Address page opens
[Test worker] INFO pages.HomePage - First name input : Ilona
[Test worker] INFO pages.HomePage - Last name input: Nagy
[Test worker] INFO pages.HomePage - Address input: Nagy utca 1
[Test worker] INFO pages.HomePage - City input: Budapest
[Test worker] INFO pages.HomePage - Post code input: 1999
[Test worker] INFO pages.HomePage - Country selected: Hungary
[Test worker] INFO pages.HomePage - Continue button clicked
[Test worker] INFO pages.HomePage - Wait until next page loaded
[Test worker] INFO BaseTest - Assertion done, text as expected.
]]></system-err>
</testsuite>
