<?xml version="1.0" encoding="UTF-8"?>
<testsuite name="TC12_SavingDataFromTheWebApplication" tests="1" skipped="0" failures="0" errors="0" timestamp="2021-07-29T10:16:24" hostname="GABOR-PC" time="2.303">
  <properties/>
  <testcase name="Save the name, description and price of all laptops from the list into a text file. File path: src/test/resources/output.txt" classname="TC12_SavingDataFromTheWebApplication" time="2.303"/>
  <system-out><![CDATA[]]></system-out>
  <system-err><![CDATA[[Test worker] INFO io.github.bonigarcia.wdm.WebDriverManager - Using chromedriver 92.0.4515.107 (resolved driver for Chrome 92)
[Test worker] INFO io.github.bonigarcia.wdm.WebDriverManager - Exporting webdriver.chrome.driver as C:\Users\Gábor\.cache\selenium\chromedriver\win32\92.0.4515.107\chromedriver.exe
Starting ChromeDriver 92.0.4515.107 (87a818b10553a07434ea9e2b6dccf3cbe7895134-refs/branch-heads/4515@{#1634}) on port 7417
Only local connections are allowed.
Please see https://chromedriver.chromium.org/security-considerations for suggestions on keeping ChromeDriver safe.
ChromeDriver was started successfully.
júl. 29, 2021 12:16:24 DU org.openqa.selenium.remote.ProtocolHandshake createSession
INFO: Detected dialect: W3C
[Test worker] INFO pages.HomePage - Opening YourStore homepage...
[Test worker] INFO pages.HomePage - YourStore Page loaded successfully
[Test worker] INFO pages.HomePage - Move pointer to "Laptops & Notebooks" tab
[Test worker] INFO pages.HomePage - Click "Show All Laptops & Notebooks" from the dropdown list
[Test worker] INFO BaseTest - Write output.txt file
[Test worker] INFO BaseTest - File written to resources/output
]]></system-err>
</testsuite>
