<?xml version="1.0" encoding="UTF-8"?>
<testsuite name="TC10_ExistingDataModification" tests="1" skipped="0" failures="0" errors="0" timestamp="2021-07-30T12:30:11" hostname="GABOR-PC" time="5.189">
  <properties/>
  <testcase name="Modification of the customer's first name" classname="TC10_ExistingDataModification" time="5.189"/>
  <system-out><![CDATA[]]></system-out>
  <system-err><![CDATA[[Test worker] INFO io.github.bonigarcia.wdm.WebDriverManager - Using chromedriver 92.0.4515.107 (resolved driver for Chrome 92)
[Test worker] INFO io.github.bonigarcia.wdm.WebDriverManager - Exporting webdriver.chrome.driver as C:\Users\Gábor\.cache\selenium\chromedriver\win32\92.0.4515.107\chromedriver.exe
Starting ChromeDriver 92.0.4515.107 (87a818b10553a07434ea9e2b6dccf3cbe7895134-refs/branch-heads/4515@{#1634}) on port 46273
Only local connections are allowed.
Please see https://chromedriver.chromium.org/security-considerations for suggestions on keeping ChromeDriver safe.
ChromeDriver was started successfully.
júl. 30, 2021 2:30:11 DU org.openqa.selenium.remote.ProtocolHandshake createSession
INFO: Detected dialect: W3C
[Test worker] INFO pages.HomePage - Opening YourStore homepage...
[Test worker] INFO pages.HomePage - YourStore Page loaded successfully
[Test worker] INFO pages.HomePage - Opening login page
[Test worker] INFO pages.HomePage - Account Login page loaded successfully
[Test worker] INFO pages.HomePage - Email written in the email field
[Test worker] INFO pages.HomePage - Password written in the password field
[Test worker] INFO pages.HomePage - Click on login button
[Test worker] INFO pages.HomePage - Click on edit account link
[Test worker] INFO pages.HomePage - Wait until account information page opens
[Test worker] INFO pages.HomePage - Screenshot before modification
[Test worker] INFO pages.HomePage - Clear first name field
[Test worker] INFO pages.HomePage - Fill new data to first name field
[Test worker] INFO pages.HomePage - Screenshot after modification
[Test worker] INFO pages.HomePage - Click on Continue
[Test worker] INFO BaseTest - Assertion on actual and expected text is done
[Test worker] INFO BaseTest - Success screenshot taken
]]></system-err>
</testsuite>
