<?xml version="1.0" encoding="UTF-8"?>
<testsuite name="TC5_UsingPrivacyStatement" tests="1" skipped="0" failures="0" errors="0" timestamp="2021-07-26T18:15:44" hostname="GABOR-PC" time="3.824">
  <properties/>
  <testcase name="Open privacy statement and check the checkbox" classname="TC5_UsingPrivacyStatement" time="3.824"/>
  <system-out><![CDATA[]]></system-out>
  <system-err><![CDATA[[Test worker] INFO io.github.bonigarcia.wdm.WebDriverManager - Using chromedriver 92.0.4515.43 (resolved driver for Chrome 92)
[Test worker] INFO io.github.bonigarcia.wdm.WebDriverManager - Exporting webdriver.chrome.driver as C:\Users\Gábor\.cache\selenium\chromedriver\win32\92.0.4515.43\chromedriver.exe
Starting ChromeDriver 92.0.4515.43 (8c61b7e2989f2990d42f859cac71319137787cce-refs/branch-heads/4515@{#306}) on port 31121
Only local connections are allowed.
Please see https://chromedriver.chromium.org/security-considerations for suggestions on keeping ChromeDriver safe.
ChromeDriver was started successfully.
júl. 26, 2021 8:15:44 DU org.openqa.selenium.remote.ProtocolHandshake createSession
INFO: Detected dialect: W3C
[Test worker] INFO pages.YourStoreMain - Opening YourStore homepage...
[Test worker] INFO pages.YourStoreMain - YourStore Page loaded successfully
[Test worker] INFO pages.YourStoreMain - Opening login page
[Test worker] INFO pages.YourStoreMain - Account Login page loaded successfully
[Test worker] INFO pages.YourStoreMain - Click on continue button
[Test worker] INFO pages.YourStoreMain - Register Account page loaded successfully
[Test worker] INFO pages.YourStoreMain - Privacy policy opened
[Test worker] INFO pages.YourStoreMain - Privacy policy close
[Test worker] INFO pages.YourStoreMain - Clicked on privacy checkbox
[Test worker] INFO BaseTest - Privacy checkbox checked successfully
]]></system-err>
</testsuite>
