<?xml version="1.0" encoding="UTF-8"?>
<testsuite name="TC10_ExistingDataModification" tests="1" skipped="0" failures="0" errors="0" timestamp="2021-08-03T18:49:13" hostname="GABOR-PC" time="5.615">
  <properties/>
  <testcase name="Modification of the customer's first name" classname="TC10_ExistingDataModification" time="5.615"/>
  <system-out><![CDATA[]]></system-out>
  <system-err><![CDATA[[Test worker] INFO io.github.bonigarcia.wdm.WebDriverManager - Using chromedriver 92.0.4515.107 (resolved driver for Chrome 92)
[Test worker] INFO io.github.bonigarcia.wdm.WebDriverManager - Exporting webdriver.chrome.driver as C:\Users\GÃ¡bor\.cache\selenium\chromedriver\win32\92.0.4515.107\chromedriver.exe
Starting ChromeDriver 92.0.4515.107 (87a818b10553a07434ea9e2b6dccf3cbe7895134-refs/branch-heads/4515@{#1634}) on port 38805
Only local connections are allowed.
Please see https://chromedriver.chromium.org/security-considerations for suggestions on keeping ChromeDriver safe.
ChromeDriver was started successfully.
aug. 03, 2021 8:49:13 DU org.openqa.selenium.remote.ProtocolHandshake createSession
INFO: Detected dialect: W3C
[Test worker] INFO pages.HomePage - Opening YourStore homepage...
[Test worker] INFO pages.HomePage - YourStore Page loaded successfully
[Test worker] INFO BaseTest - screenshot taken
[Test worker] INFO pages.HomePage - Opening login page
[Test worker] INFO pages.HomePage - Account Login page loaded successfully
[Test worker] INFO BaseTest - screenshot taken
[Test worker] INFO pages.HomePage - Email written in the email field: nagy@ilona.hu
[Test worker] INFO pages.HomePage - Password written in the password field: nagyi
[Test worker] INFO pages.HomePage - screenshot taken
[Test worker] INFO pages.HomePage - Click on login button
[Test worker] INFO BaseTest - screenshot taken
[Test worker] INFO pages.HomePage - Click on edit account link
[Test worker] INFO pages.HomePage - Wait until account information page opens
[Test worker] INFO BaseTest - screenshot taken
[Test worker] INFO pages.HomePage - Clear first name field
[Test worker] INFO pages.HomePage - Fill new data to first name field: Ilona2
[Test worker] INFO pages.HomePage - Screenshot after modification
[Test worker] INFO pages.HomePage - Click on Continue
[Test worker] INFO BaseTest - Success screenshot taken
[Test worker] INFO BaseTest - Assertion on actual and expected text is done
]]></system-err>
</testsuite>
