<?xml version="1.0" encoding="UTF-8"?>
<testsuite name="TC10_ExistingDataModification" tests="1" skipped="0" failures="0" errors="0" timestamp="2021-07-27T01:51:20" hostname="GABOR-PC" time="4.28">
  <properties/>
  <testcase name="Modification of the customer's first name" classname="TC10_ExistingDataModification" time="4.28"/>
  <system-out><![CDATA[]]></system-out>
  <system-err><![CDATA[[Test worker] INFO io.github.bonigarcia.wdm.WebDriverManager - Using chromedriver 92.0.4515.43 (resolved driver for Chrome 92)
[Test worker] INFO io.github.bonigarcia.wdm.WebDriverManager - Exporting webdriver.chrome.driver as C:\Users\Gábor\.cache\selenium\chromedriver\win32\92.0.4515.43\chromedriver.exe
Starting ChromeDriver 92.0.4515.43 (8c61b7e2989f2990d42f859cac71319137787cce-refs/branch-heads/4515@{#306}) on port 7271
Only local connections are allowed.
Please see https://chromedriver.chromium.org/security-considerations for suggestions on keeping ChromeDriver safe.
ChromeDriver was started successfully.
júl. 27, 2021 3:51:20 DE org.openqa.selenium.remote.ProtocolHandshake createSession
INFO: Detected dialect: W3C
[Test worker] INFO pages.YourStoreHome - Opening YourStore homepage...
[Test worker] INFO pages.YourStoreHome - YourStore Page loaded successfully
[Test worker] INFO pages.YourStoreHome - Opening login page
[Test worker] INFO pages.YourStoreHome - Account Login page loaded successfully
[Test worker] INFO pages.YourStoreHome - Email written in the email field
[Test worker] INFO pages.YourStoreHome - Password written in the password field
[Test worker] INFO pages.YourStoreHome - Click on login button
[Test worker] INFO pages.YourStoreHome - Click on edit account link
[Test worker] INFO pages.YourStoreHome - Wait until account information page opens
[Test worker] INFO pages.YourStoreHome - Clear first name field
[Test worker] INFO pages.YourStoreHome - Fill new data to first name field
[Test worker] INFO pages.YourStoreHome - Click on Continue
[Test worker] INFO BaseTest - Assertion on actual and expected text is done
]]></system-err>
</testsuite>
